<?xml version="1.0" encoding="UTF-8"?>
<testng-results ignored="0" total="1" passed="1" failed="0" skipped="0">
  <reporter-output>
  </reporter-output>
  <suite started-at="2022-08-05T11:28:33 MYT" name="Default suite" finished-at="2022-08-05T11:29:01 MYT" duration-ms="27942">
    <groups>
    </groups>
    <test started-at="2022-08-05T11:28:33 MYT" name="Default test" finished-at="2022-08-05T11:29:01 MYT" duration-ms="27942">
      <class name="productDemoApp.testCases.TC_HomePage">
        <test-method is-config="true" signature="SetUp()[pri:0, instance:productDemoApp.testCases.TC_HomePage@316bcf94]" started-at="2022-08-05T11:28:33 MYT" name="SetUp" finished-at="2022-08-05T11:28:33 MYT" duration-ms="9" status="PASS">
          <reporter-output>
          </reporter-output>
        </test-method> <!-- SetUp -->
        <test-method signature="t_01_validate_form()[pri:0, instance:productDemoApp.testCases.TC_HomePage@316bcf94]" started-at="2022-08-05T11:28:33 MYT" name="t_01_validate_form" finished-at="2022-08-05T11:29:01 MYT" duration-ms="27888" status="PASS">
          <reporter-output>
          </reporter-output>
        </test-method> <!-- t_01_validate_form -->
      </class> <!-- productDemoApp.testCases.TC_HomePage -->
    </test> <!-- Default test -->
  </suite> <!-- Default suite -->
</testng-results>
